<?xml version="1.0" encoding="UTF-8"?>
<testsuite xmlns:xsi="http://www.w3.org/2001/XMLSchema-instance" xsi:noNamespaceSchemaLocation="https://maven.apache.org/surefire/maven-surefire-plugin/xsd/surefire-test-report.xsd" name="com.nucigent.elms.ElmsApplicationTests" time="9.023" tests="1" errors="0" skipped="0" failures="0">
  <properties>
    <property name="sun.desktop" value="windows"/>
    <property name="awt.toolkit" value="sun.awt.windows.WToolkit"/>
    <property name="file.encoding.pkg" value="sun.io"/>
    <property name="java.specification.version" value="1.8"/>
    <property name="sun.cpu.isalist" value="amd64"/>
    <property name="sun.jnu.encoding" value="Cp1252"/>
    <property name="java.class.path" value="D:\GEGDC\SD336397\TightCap\TightCapDev\TightCapDevAng\target\test-classes;D:\GEGDC\SD336397\TightCap\TightCapDev\TightCapDevAng\target\classes;D:\GEGDC\SD336397\servers\maven\mvnrepo\org\springframework\boot\spring-boot-starter-web\2.1.7.RELEASE\spring-boot-starter-web-2.1.7.RELEASE.jar;D:\GEGDC\SD336397\servers\maven\mvnrepo\org\springframework\boot\spring-boot-starter\2.1.7.RELEASE\spring-boot-starter-2.1.7.RELEASE.jar;D:\GEGDC\SD336397\servers\maven\mvnrepo\org\springframework\boot\spring-boot-starter-logging\2.1.7.RELEASE\spring-boot-starter-logging-2.1.7.RELEASE.jar;D:\GEGDC\SD336397\servers\maven\mvnrepo\ch\qos\logback\logback-classic\1.2.3\logback-classic-1.2.3.jar;D:\GEGDC\SD336397\servers\maven\mvnrepo\ch\qos\logback\logback-core\1.2.3\logback-core-1.2.3.jar;D:\GEGDC\SD336397\servers\maven\mvnrepo\org\apache\logging\log4j\log4j-to-slf4j\2.11.2\log4j-to-slf4j-2.11.2.jar;D:\GEGDC\SD336397\servers\maven\mvnrepo\org\apache\logging\log4j\log4j-api\2.11.2\log4j-api-2.11.2.jar;D:\GEGDC\SD336397\servers\maven\mvnrepo\org\slf4j\jul-to-slf4j\1.7.26\jul-to-slf4j-1.7.26.jar;D:\GEGDC\SD336397\servers\maven\mvnrepo\org\yaml\snakeyaml\1.23\snakeyaml-1.23.jar;D:\GEGDC\SD336397\servers\maven\mvnrepo\org\springframework\boot\spring-boot-starter-json\2.1.7.RELEASE\spring-boot-starter-json-2.1.7.RELEASE.jar;D:\GEGDC\SD336397\servers\maven\mvnrepo\com\fasterxml\jackson\datatype\jackson-datatype-jdk8\2.9.9\jackson-datatype-jdk8-2.9.9.jar;D:\GEGDC\SD336397\servers\maven\mvnrepo\com\fasterxml\jackson\datatype\jackson-datatype-jsr310\2.9.9\jackson-datatype-jsr310-2.9.9.jar;D:\GEGDC\SD336397\servers\maven\mvnrepo\com\fasterxml\jackson\module\jackson-module-parameter-names\2.9.9\jackson-module-parameter-names-2.9.9.jar;D:\GEGDC\SD336397\servers\maven\mvnrepo\org\hibernate\validator\hibernate-validator\6.0.17.Final\hibernate-validator-6.0.17.Final.jar;D:\GEGDC\SD336397\servers\maven\mvnrepo\javax\validation\validation-api\2.0.1.Final\validation-api-2.0.1.Final.jar;D:\GEGDC\SD336397\servers\maven\mvnrepo\org\jboss\logging\jboss-logging\3.3.2.Final\jboss-logging-3.3.2.Final.jar;D:\GEGDC\SD336397\servers\maven\mvnrepo\com\fasterxml\classmate\1.4.0\classmate-1.4.0.jar;D:\GEGDC\SD336397\servers\maven\mvnrepo\org\springframework\spring-web\5.1.9.RELEASE\spring-web-5.1.9.RELEASE.jar;D:\GEGDC\SD336397\servers\maven\mvnrepo\org\springframework\spring-beans\5.1.9.RELEASE\spring-beans-5.1.9.RELEASE.jar;D:\GEGDC\SD336397\servers\maven\mvnrepo\org\springframework\spring-webmvc\5.1.9.RELEASE\spring-webmvc-5.1.9.RELEASE.jar;D:\GEGDC\SD336397\servers\maven\mvnrepo\org\springframework\spring-expression\5.1.9.RELEASE\spring-expression-5.1.9.RELEASE.jar;D:\GEGDC\SD336397\servers\maven\mvnrepo\org\springframework\boot\spring-boot-starter-jdbc\2.1.7.RELEASE\spring-boot-starter-jdbc-2.1.7.RELEASE.jar;D:\GEGDC\SD336397\servers\maven\mvnrepo\com\zaxxer\HikariCP\3.2.0\HikariCP-3.2.0.jar;D:\GEGDC\SD336397\servers\maven\mvnrepo\org\slf4j\slf4j-api\1.7.26\slf4j-api-1.7.26.jar;D:\GEGDC\SD336397\servers\maven\mvnrepo\org\springframework\spring-jdbc\5.1.9.RELEASE\spring-jdbc-5.1.9.RELEASE.jar;D:\GEGDC\SD336397\servers\maven\mvnrepo\org\springframework\spring-tx\5.1.9.RELEASE\spring-tx-5.1.9.RELEASE.jar;D:\GEGDC\SD336397\servers\maven\mvnrepo\com\microsoft\sqlserver\mssql-jdbc\6.1.0.jre8\mssql-jdbc-6.1.0.jre8.jar;D:\GEGDC\SD336397\servers\maven\mvnrepo\com\microsoft\azure\azure-keyvault\0.9.3\azure-keyvault-0.9.3.jar;D:\GEGDC\SD336397\servers\maven\mvnrepo\com\microsoft\azure\azure-core\0.9.3\azure-core-0.9.3.jar;D:\GEGDC\SD336397\servers\maven\mvnrepo\commons-lang\commons-lang\2.6\commons-lang-2.6.jar;D:\GEGDC\SD336397\servers\maven\mvnrepo\javax\mail\mail\1.4.5\mail-1.4.5.jar;D:\GEGDC\SD336397\servers\maven\mvnrepo\com\sun\jersey\jersey-client\1.13\jersey-client-1.13.jar;D:\GEGDC\SD336397\servers\maven\mvnrepo\com\sun\jersey\jersey-core\1.13\jersey-core-1.13.jar;D:\GEGDC\SD336397\servers\maven\mvnrepo\com\sun\jersey\jersey-json\1.13\jersey-json-1.13.jar;D:\GEGDC\SD336397\servers\maven\mvnrepo\org\codehaus\jettison\jettison\1.1\jettison-1.1.jar;D:\GEGDC\SD336397\servers\maven\mvnrepo\stax\stax-api\1.0.1\stax-api-1.0.1.jar;D:\GEGDC\SD336397\servers\maven\mvnrepo\com\sun\xml\bind\jaxb-impl\2.2.3-1\jaxb-impl-2.2.3-1.jar;D:\GEGDC\SD336397\servers\maven\mvnrepo\org\codehaus\jackson\jackson-core-asl\1.9.2\jackson-core-asl-1.9.2.jar;D:\GEGDC\SD336397\servers\maven\mvnrepo\org\codehaus\jackson\jackson-mapper-asl\1.9.2\jackson-mapper-asl-1.9.2.jar;D:\GEGDC\SD336397\servers\maven\mvnrepo\org\codehaus\jackson\jackson-jaxrs\1.9.2\jackson-jaxrs-1.9.2.jar;D:\GEGDC\SD336397\servers\maven\mvnrepo\org\codehaus\jackson\jackson-xc\1.9.2\jackson-xc-1.9.2.jar;D:\GEGDC\SD336397\servers\maven\mvnrepo\javax\inject\javax.inject\1\javax.inject-1.jar;D:\GEGDC\SD336397\servers\maven\mvnrepo\com\microsoft\azure\adal4j\1.0.0\adal4j-1.0.0.jar;D:\GEGDC\SD336397\servers\maven\mvnrepo\com\nimbusds\oauth2-oidc-sdk\4.5\oauth2-oidc-sdk-4.5.jar;D:\GEGDC\SD336397\servers\maven\mvnrepo\net\jcip\jcip-annotations\1.0\jcip-annotations-1.0.jar;D:\GEGDC\SD336397\servers\maven\mvnrepo\org\apache\commons\commons-lang3\3.8.1\commons-lang3-3.8.1.jar;D:\GEGDC\SD336397\servers\maven\mvnrepo\com\nimbusds\lang-tag\1.4\lang-tag-1.4.jar;D:\GEGDC\SD336397\servers\maven\mvnrepo\com\nimbusds\nimbus-jose-jwt\3.1.2\nimbus-jose-jwt-3.1.2.jar;D:\GEGDC\SD336397\servers\maven\mvnrepo\org\bouncycastle\bcprov-jdk15on\1.51\bcprov-jdk15on-1.51.jar;D:\GEGDC\SD336397\servers\maven\mvnrepo\com\google\code\gson\gson\2.8.5\gson-2.8.5.jar;D:\GEGDC\SD336397\servers\maven\mvnrepo\org\springframework\boot\spring-boot-starter-mail\2.0.1.RELEASE\spring-boot-starter-mail-2.0.1.RELEASE.jar;D:\GEGDC\SD336397\servers\maven\mvnrepo\org\springframework\spring-context\5.1.9.RELEASE\spring-context-5.1.9.RELEASE.jar;D:\GEGDC\SD336397\servers\maven\mvnrepo\org\springframework\spring-context-support\5.1.9.RELEASE\spring-context-support-5.1.9.RELEASE.jar;D:\GEGDC\SD336397\servers\maven\mvnrepo\com\sun\mail\javax.mail\1.6.2\javax.mail-1.6.2.jar;D:\GEGDC\SD336397\servers\maven\mvnrepo\javax\activation\activation\1.1\activation-1.1.jar;D:\GEGDC\SD336397\servers\maven\mvnrepo\org\springframework\boot\spring-boot-starter-security\2.1.7.RELEASE\spring-boot-starter-security-2.1.7.RELEASE.jar;D:\GEGDC\SD336397\servers\maven\mvnrepo\org\springframework\spring-aop\5.1.9.RELEASE\spring-aop-5.1.9.RELEASE.jar;D:\GEGDC\SD336397\servers\maven\mvnrepo\org\springframework\security\spring-security-config\5.1.6.RELEASE\spring-security-config-5.1.6.RELEASE.jar;D:\GEGDC\SD336397\servers\maven\mvnrepo\org\springframework\security\spring-security-core\5.1.6.RELEASE\spring-security-core-5.1.6.RELEASE.jar;D:\GEGDC\SD336397\servers\maven\mvnrepo\org\springframework\security\spring-security-web\5.1.6.RELEASE\spring-security-web-5.1.6.RELEASE.jar;D:\GEGDC\SD336397\servers\maven\mvnrepo\mysql\mysql-connector-java\8.0.17\mysql-connector-java-8.0.17.jar;D:\GEGDC\SD336397\servers\maven\mvnrepo\com\amazonaws\aws-java-sdk-s3\1.11.18\aws-java-sdk-s3-1.11.18.jar;D:\GEGDC\SD336397\servers\maven\mvnrepo\com\amazonaws\aws-java-sdk-kms\1.11.18\aws-java-sdk-kms-1.11.18.jar;D:\GEGDC\SD336397\servers\maven\mvnrepo\com\amazonaws\aws-java-sdk-core\1.11.220\aws-java-sdk-core-1.11.220.jar;D:\GEGDC\SD336397\servers\maven\mvnrepo\commons-logging\commons-logging\1.1.3\commons-logging-1.1.3.jar;D:\GEGDC\SD336397\servers\maven\mvnrepo\org\apache\httpcomponents\httpclient\4.5.9\httpclient-4.5.9.jar;D:\GEGDC\SD336397\servers\maven\mvnrepo\commons-codec\commons-codec\1.11\commons-codec-1.11.jar;D:\GEGDC\SD336397\servers\maven\mvnrepo\software\amazon\ion\ion-java\1.0.2\ion-java-1.0.2.jar;D:\GEGDC\SD336397\servers\maven\mvnrepo\com\fasterxml\jackson\core\jackson-databind\2.9.9\jackson-databind-2.9.9.jar;D:\GEGDC\SD336397\servers\maven\mvnrepo\com\fasterxml\jackson\dataformat\jackson-dataformat-cbor\2.9.9\jackson-dataformat-cbor-2.9.9.jar;D:\GEGDC\SD336397\servers\maven\mvnrepo\joda-time\joda-time\2.10.3\joda-time-2.10.3.jar;D:\GEGDC\SD336397\servers\maven\mvnrepo\io\jsonwebtoken\jjwt\0.9.1\jjwt-0.9.1.jar;D:\GEGDC\SD336397\servers\maven\mvnrepo\com\twilio\sdk\twilio\7.41.1\twilio-7.41.1.jar;D:\GEGDC\SD336397\servers\maven\mvnrepo\org\apache\httpcomponents\httpcore\4.4.11\httpcore-4.4.11.jar;D:\GEGDC\SD336397\servers\maven\mvnrepo\com\fasterxml\jackson\core\jackson-core\2.9.9\jackson-core-2.9.9.jar;D:\GEGDC\SD336397\servers\maven\mvnrepo\com\fasterxml\jackson\core\jackson-annotations\2.9.0\jackson-annotations-2.9.0.jar;D:\GEGDC\SD336397\servers\maven\mvnrepo\javax\xml\bind\jaxb-api\2.3.1\jaxb-api-2.3.1.jar;D:\GEGDC\SD336397\servers\maven\mvnrepo\javax\activation\javax.activation-api\1.2.0\javax.activation-api-1.2.0.jar;D:\GEGDC\SD336397\servers\maven\mvnrepo\com\sendgrid\sendgrid-java\4.3.0\sendgrid-java-4.3.0.jar;D:\GEGDC\SD336397\servers\maven\mvnrepo\com\sendgrid\java-http-client\4.1.0\java-http-client-4.1.0.jar;D:\GEGDC\SD336397\servers\maven\mvnrepo\com\google\guava\guava\19.0\guava-19.0.jar;D:\GEGDC\SD336397\servers\maven\mvnrepo\org\springframework\boot\spring-boot-devtools\2.1.7.RELEASE\spring-boot-devtools-2.1.7.RELEASE.jar;D:\GEGDC\SD336397\servers\maven\mvnrepo\org\springframework\boot\spring-boot\2.1.7.RELEASE\spring-boot-2.1.7.RELEASE.jar;D:\GEGDC\SD336397\servers\maven\mvnrepo\org\springframework\boot\spring-boot-autoconfigure\2.1.7.RELEASE\spring-boot-autoconfigure-2.1.7.RELEASE.jar;D:\GEGDC\SD336397\servers\maven\mvnrepo\org\springframework\boot\spring-boot-starter-tomcat\2.1.7.RELEASE\spring-boot-starter-tomcat-2.1.7.RELEASE.jar;D:\GEGDC\SD336397\servers\maven\mvnrepo\javax\annotation\javax.annotation-api\1.3.2\javax.annotation-api-1.3.2.jar;D:\GEGDC\SD336397\servers\maven\mvnrepo\org\apache\tomcat\embed\tomcat-embed-core\9.0.22\tomcat-embed-core-9.0.22.jar;D:\GEGDC\SD336397\servers\maven\mvnrepo\org\apache\tomcat\embed\tomcat-embed-el\9.0.22\tomcat-embed-el-9.0.22.jar;D:\GEGDC\SD336397\servers\maven\mvnrepo\org\apache\tomcat\embed\tomcat-embed-websocket\9.0.22\tomcat-embed-websocket-9.0.22.jar;D:\GEGDC\SD336397\servers\maven\mvnrepo\org\springframework\boot\spring-boot-starter-test\2.1.7.RELEASE\spring-boot-starter-test-2.1.7.RELEASE.jar;D:\GEGDC\SD336397\servers\maven\mvnrepo\org\springframework\boot\spring-boot-test\2.1.7.RELEASE\spring-boot-test-2.1.7.RELEASE.jar;D:\GEGDC\SD336397\servers\maven\mvnrepo\org\springframework\boot\spring-boot-test-autoconfigure\2.1.7.RELEASE\spring-boot-test-autoconfigure-2.1.7.RELEASE.jar;D:\GEGDC\SD336397\servers\maven\mvnrepo\com\jayway\jsonpath\json-path\2.4.0\json-path-2.4.0.jar;D:\GEGDC\SD336397\servers\maven\mvnrepo\net\minidev\json-smart\2.3\json-smart-2.3.jar;D:\GEGDC\SD336397\servers\maven\mvnrepo\net\minidev\accessors-smart\1.2\accessors-smart-1.2.jar;D:\GEGDC\SD336397\servers\maven\mvnrepo\org\ow2\asm\asm\5.0.4\asm-5.0.4.jar;D:\GEGDC\SD336397\servers\maven\mvnrepo\junit\junit\4.12\junit-4.12.jar;D:\GEGDC\SD336397\servers\maven\mvnrepo\org\assertj\assertj-core\3.11.1\assertj-core-3.11.1.jar;D:\GEGDC\SD336397\servers\maven\mvnrepo\org\mockito\mockito-core\2.23.4\mockito-core-2.23.4.jar;D:\GEGDC\SD336397\servers\maven\mvnrepo\net\bytebuddy\byte-buddy\1.9.16\byte-buddy-1.9.16.jar;D:\GEGDC\SD336397\servers\maven\mvnrepo\net\bytebuddy\byte-buddy-agent\1.9.16\byte-buddy-agent-1.9.16.jar;D:\GEGDC\SD336397\servers\maven\mvnrepo\org\objenesis\objenesis\2.6\objenesis-2.6.jar;D:\GEGDC\SD336397\servers\maven\mvnrepo\org\hamcrest\hamcrest-core\1.3\hamcrest-core-1.3.jar;D:\GEGDC\SD336397\servers\maven\mvnrepo\org\hamcrest\hamcrest-library\1.3\hamcrest-library-1.3.jar;D:\GEGDC\SD336397\servers\maven\mvnrepo\org\skyscreamer\jsonassert\1.5.0\jsonassert-1.5.0.jar;D:\GEGDC\SD336397\servers\maven\mvnrepo\com\vaadin\external\google\android-json\0.0.20131108.vaadin1\android-json-0.0.20131108.vaadin1.jar;D:\GEGDC\SD336397\servers\maven\mvnrepo\org\springframework\spring-core\5.1.9.RELEASE\spring-core-5.1.9.RELEASE.jar;D:\GEGDC\SD336397\servers\maven\mvnrepo\org\springframework\spring-jcl\5.1.9.RELEASE\spring-jcl-5.1.9.RELEASE.jar;D:\GEGDC\SD336397\servers\maven\mvnrepo\org\springframework\spring-test\5.1.9.RELEASE\spring-test-5.1.9.RELEASE.jar;D:\GEGDC\SD336397\servers\maven\mvnrepo\org\xmlunit\xmlunit-core\2.6.3\xmlunit-core-2.6.3.jar;"/>
    <property name="java.vm.vendor" value="Oracle Corporation"/>
    <property name="sun.arch.data.model" value="64"/>
    <property name="user.variant" value=""/>
    <property name="java.vendor.url" value="http://java.oracle.com/"/>
    <property name="user.timezone" value="Asia/Calcutta"/>
    <property name="java.vm.specification.version" value="1.8"/>
    <property name="os.name" value="Windows 10"/>
    <property name="user.country" value="US"/>
    <property name="sun.java.launcher" value="SUN_STANDARD"/>
    <property name="sun.boot.library.path" value="C:\Program Files\Java\jdk1.8.0_211\jre\bin"/>
    <property name="sun.java.command" value="C:\Users\SD3363~1.GEG\AppData\Local\Temp\surefire8773403528678239353\surefirebooter5829783209477831859.jar C:\Users\sd336397.GEGDC\AppData\Local\Temp\surefire8773403528678239353 2020-07-14T10-15-52_838-jvmRun1 surefire1345156458966029314tmp surefire_0665168003280614359tmp"/>
    <property name="surefire.test.class.path" value="D:\GEGDC\SD336397\TightCap\TightCapDev\TightCapDevAng\target\test-classes;D:\GEGDC\SD336397\TightCap\TightCapDev\TightCapDevAng\target\classes;D:\GEGDC\SD336397\servers\maven\mvnrepo\org\springframework\boot\spring-boot-starter-web\2.1.7.RELEASE\spring-boot-starter-web-2.1.7.RELEASE.jar;D:\GEGDC\SD336397\servers\maven\mvnrepo\org\springframework\boot\spring-boot-starter\2.1.7.RELEASE\spring-boot-starter-2.1.7.RELEASE.jar;D:\GEGDC\SD336397\servers\maven\mvnrepo\org\springframework\boot\spring-boot-starter-logging\2.1.7.RELEASE\spring-boot-starter-logging-2.1.7.RELEASE.jar;D:\GEGDC\SD336397\servers\maven\mvnrepo\ch\qos\logback\logback-classic\1.2.3\logback-classic-1.2.3.jar;D:\GEGDC\SD336397\servers\maven\mvnrepo\ch\qos\logback\logback-core\1.2.3\logback-core-1.2.3.jar;D:\GEGDC\SD336397\servers\maven\mvnrepo\org\apache\logging\log4j\log4j-to-slf4j\2.11.2\log4j-to-slf4j-2.11.2.jar;D:\GEGDC\SD336397\servers\maven\mvnrepo\org\apache\logging\log4j\log4j-api\2.11.2\log4j-api-2.11.2.jar;D:\GEGDC\SD336397\servers\maven\mvnrepo\org\slf4j\jul-to-slf4j\1.7.26\jul-to-slf4j-1.7.26.jar;D:\GEGDC\SD336397\servers\maven\mvnrepo\org\yaml\snakeyaml\1.23\snakeyaml-1.23.jar;D:\GEGDC\SD336397\servers\maven\mvnrepo\org\springframework\boot\spring-boot-starter-json\2.1.7.RELEASE\spring-boot-starter-json-2.1.7.RELEASE.jar;D:\GEGDC\SD336397\servers\maven\mvnrepo\com\fasterxml\jackson\datatype\jackson-datatype-jdk8\2.9.9\jackson-datatype-jdk8-2.9.9.jar;D:\GEGDC\SD336397\servers\maven\mvnrepo\com\fasterxml\jackson\datatype\jackson-datatype-jsr310\2.9.9\jackson-datatype-jsr310-2.9.9.jar;D:\GEGDC\SD336397\servers\maven\mvnrepo\com\fasterxml\jackson\module\jackson-module-parameter-names\2.9.9\jackson-module-parameter-names-2.9.9.jar;D:\GEGDC\SD336397\servers\maven\mvnrepo\org\hibernate\validator\hibernate-validator\6.0.17.Final\hibernate-validator-6.0.17.Final.jar;D:\GEGDC\SD336397\servers\maven\mvnrepo\javax\validation\validation-api\2.0.1.Final\validation-api-2.0.1.Final.jar;D:\GEGDC\SD336397\servers\maven\mvnrepo\org\jboss\logging\jboss-logging\3.3.2.Final\jboss-logging-3.3.2.Final.jar;D:\GEGDC\SD336397\servers\maven\mvnrepo\com\fasterxml\classmate\1.4.0\classmate-1.4.0.jar;D:\GEGDC\SD336397\servers\maven\mvnrepo\org\springframework\spring-web\5.1.9.RELEASE\spring-web-5.1.9.RELEASE.jar;D:\GEGDC\SD336397\servers\maven\mvnrepo\org\springframework\spring-beans\5.1.9.RELEASE\spring-beans-5.1.9.RELEASE.jar;D:\GEGDC\SD336397\servers\maven\mvnrepo\org\springframework\spring-webmvc\5.1.9.RELEASE\spring-webmvc-5.1.9.RELEASE.jar;D:\GEGDC\SD336397\servers\maven\mvnrepo\org\springframework\spring-expression\5.1.9.RELEASE\spring-expression-5.1.9.RELEASE.jar;D:\GEGDC\SD336397\servers\maven\mvnrepo\org\springframework\boot\spring-boot-starter-jdbc\2.1.7.RELEASE\spring-boot-starter-jdbc-2.1.7.RELEASE.jar;D:\GEGDC\SD336397\servers\maven\mvnrepo\com\zaxxer\HikariCP\3.2.0\HikariCP-3.2.0.jar;D:\GEGDC\SD336397\servers\maven\mvnrepo\org\slf4j\slf4j-api\1.7.26\slf4j-api-1.7.26.jar;D:\GEGDC\SD336397\servers\maven\mvnrepo\org\springframework\spring-jdbc\5.1.9.RELEASE\spring-jdbc-5.1.9.RELEASE.jar;D:\GEGDC\SD336397\servers\maven\mvnrepo\org\springframework\spring-tx\5.1.9.RELEASE\spring-tx-5.1.9.RELEASE.jar;D:\GEGDC\SD336397\servers\maven\mvnrepo\com\microsoft\sqlserver\mssql-jdbc\6.1.0.jre8\mssql-jdbc-6.1.0.jre8.jar;D:\GEGDC\SD336397\servers\maven\mvnrepo\com\microsoft\azure\azure-keyvault\0.9.3\azure-keyvault-0.9.3.jar;D:\GEGDC\SD336397\servers\maven\mvnrepo\com\microsoft\azure\azure-core\0.9.3\azure-core-0.9.3.jar;D:\GEGDC\SD336397\servers\maven\mvnrepo\commons-lang\commons-lang\2.6\commons-lang-2.6.jar;D:\GEGDC\SD336397\servers\maven\mvnrepo\javax\mail\mail\1.4.5\mail-1.4.5.jar;D:\GEGDC\SD336397\servers\maven\mvnrepo\com\sun\jersey\jersey-client\1.13\jersey-client-1.13.jar;D:\GEGDC\SD336397\servers\maven\mvnrepo\com\sun\jersey\jersey-core\1.13\jersey-core-1.13.jar;D:\GEGDC\SD336397\servers\maven\mvnrepo\com\sun\jersey\jersey-json\1.13\jersey-json-1.13.jar;D:\GEGDC\SD336397\servers\maven\mvnrepo\org\codehaus\jettison\jettison\1.1\jettison-1.1.jar;D:\GEGDC\SD336397\servers\maven\mvnrepo\stax\stax-api\1.0.1\stax-api-1.0.1.jar;D:\GEGDC\SD336397\servers\maven\mvnrepo\com\sun\xml\bind\jaxb-impl\2.2.3-1\jaxb-impl-2.2.3-1.jar;D:\GEGDC\SD336397\servers\maven\mvnrepo\org\codehaus\jackson\jackson-core-asl\1.9.2\jackson-core-asl-1.9.2.jar;D:\GEGDC\SD336397\servers\maven\mvnrepo\org\codehaus\jackson\jackson-mapper-asl\1.9.2\jackson-mapper-asl-1.9.2.jar;D:\GEGDC\SD336397\servers\maven\mvnrepo\org\codehaus\jackson\jackson-jaxrs\1.9.2\jackson-jaxrs-1.9.2.jar;D:\GEGDC\SD336397\servers\maven\mvnrepo\org\codehaus\jackson\jackson-xc\1.9.2\jackson-xc-1.9.2.jar;D:\GEGDC\SD336397\servers\maven\mvnrepo\javax\inject\javax.inject\1\javax.inject-1.jar;D:\GEGDC\SD336397\servers\maven\mvnrepo\com\microsoft\azure\adal4j\1.0.0\adal4j-1.0.0.jar;D:\GEGDC\SD336397\servers\maven\mvnrepo\com\nimbusds\oauth2-oidc-sdk\4.5\oauth2-oidc-sdk-4.5.jar;D:\GEGDC\SD336397\servers\maven\mvnrepo\net\jcip\jcip-annotations\1.0\jcip-annotations-1.0.jar;D:\GEGDC\SD336397\servers\maven\mvnrepo\org\apache\commons\commons-lang3\3.8.1\commons-lang3-3.8.1.jar;D:\GEGDC\SD336397\servers\maven\mvnrepo\com\nimbusds\lang-tag\1.4\lang-tag-1.4.jar;D:\GEGDC\SD336397\servers\maven\mvnrepo\com\nimbusds\nimbus-jose-jwt\3.1.2\nimbus-jose-jwt-3.1.2.jar;D:\GEGDC\SD336397\servers\maven\mvnrepo\org\bouncycastle\bcprov-jdk15on\1.51\bcprov-jdk15on-1.51.jar;D:\GEGDC\SD336397\servers\maven\mvnrepo\com\google\code\gson\gson\2.8.5\gson-2.8.5.jar;D:\GEGDC\SD336397\servers\maven\mvnrepo\org\springframework\boot\spring-boot-starter-mail\2.0.1.RELEASE\spring-boot-starter-mail-2.0.1.RELEASE.jar;D:\GEGDC\SD336397\servers\maven\mvnrepo\org\springframework\spring-context\5.1.9.RELEASE\spring-context-5.1.9.RELEASE.jar;D:\GEGDC\SD336397\servers\maven\mvnrepo\org\springframework\spring-context-support\5.1.9.RELEASE\spring-context-support-5.1.9.RELEASE.jar;D:\GEGDC\SD336397\servers\maven\mvnrepo\com\sun\mail\javax.mail\1.6.2\javax.mail-1.6.2.jar;D:\GEGDC\SD336397\servers\maven\mvnrepo\javax\activation\activation\1.1\activation-1.1.jar;D:\GEGDC\SD336397\servers\maven\mvnrepo\org\springframework\boot\spring-boot-starter-security\2.1.7.RELEASE\spring-boot-starter-security-2.1.7.RELEASE.jar;D:\GEGDC\SD336397\servers\maven\mvnrepo\org\springframework\spring-aop\5.1.9.RELEASE\spring-aop-5.1.9.RELEASE.jar;D:\GEGDC\SD336397\servers\maven\mvnrepo\org\springframework\security\spring-security-config\5.1.6.RELEASE\spring-security-config-5.1.6.RELEASE.jar;D:\GEGDC\SD336397\servers\maven\mvnrepo\org\springframework\security\spring-security-core\5.1.6.RELEASE\spring-security-core-5.1.6.RELEASE.jar;D:\GEGDC\SD336397\servers\maven\mvnrepo\org\springframework\security\spring-security-web\5.1.6.RELEASE\spring-security-web-5.1.6.RELEASE.jar;D:\GEGDC\SD336397\servers\maven\mvnrepo\mysql\mysql-connector-java\8.0.17\mysql-connector-java-8.0.17.jar;D:\GEGDC\SD336397\servers\maven\mvnrepo\com\amazonaws\aws-java-sdk-s3\1.11.18\aws-java-sdk-s3-1.11.18.jar;D:\GEGDC\SD336397\servers\maven\mvnrepo\com\amazonaws\aws-java-sdk-kms\1.11.18\aws-java-sdk-kms-1.11.18.jar;D:\GEGDC\SD336397\servers\maven\mvnrepo\com\amazonaws\aws-java-sdk-core\1.11.220\aws-java-sdk-core-1.11.220.jar;D:\GEGDC\SD336397\servers\maven\mvnrepo\commons-logging\commons-logging\1.1.3\commons-logging-1.1.3.jar;D:\GEGDC\SD336397\servers\maven\mvnrepo\org\apache\httpcomponents\httpclient\4.5.9\httpclient-4.5.9.jar;D:\GEGDC\SD336397\servers\maven\mvnrepo\commons-codec\commons-codec\1.11\commons-codec-1.11.jar;D:\GEGDC\SD336397\servers\maven\mvnrepo\software\amazon\ion\ion-java\1.0.2\ion-java-1.0.2.jar;D:\GEGDC\SD336397\servers\maven\mvnrepo\com\fasterxml\jackson\core\jackson-databind\2.9.9\jackson-databind-2.9.9.jar;D:\GEGDC\SD336397\servers\maven\mvnrepo\com\fasterxml\jackson\dataformat\jackson-dataformat-cbor\2.9.9\jackson-dataformat-cbor-2.9.9.jar;D:\GEGDC\SD336397\servers\maven\mvnrepo\joda-time\joda-time\2.10.3\joda-time-2.10.3.jar;D:\GEGDC\SD336397\servers\maven\mvnrepo\io\jsonwebtoken\jjwt\0.9.1\jjwt-0.9.1.jar;D:\GEGDC\SD336397\servers\maven\mvnrepo\com\twilio\sdk\twilio\7.41.1\twilio-7.41.1.jar;D:\GEGDC\SD336397\servers\maven\mvnrepo\org\apache\httpcomponents\httpcore\4.4.11\httpcore-4.4.11.jar;D:\GEGDC\SD336397\servers\maven\mvnrepo\com\fasterxml\jackson\core\jackson-core\2.9.9\jackson-core-2.9.9.jar;D:\GEGDC\SD336397\servers\maven\mvnrepo\com\fasterxml\jackson\core\jackson-annotations\2.9.0\jackson-annotations-2.9.0.jar;D:\GEGDC\SD336397\servers\maven\mvnrepo\javax\xml\bind\jaxb-api\2.3.1\jaxb-api-2.3.1.jar;D:\GEGDC\SD336397\servers\maven\mvnrepo\javax\activation\javax.activation-api\1.2.0\javax.activation-api-1.2.0.jar;D:\GEGDC\SD336397\servers\maven\mvnrepo\com\sendgrid\sendgrid-java\4.3.0\sendgrid-java-4.3.0.jar;D:\GEGDC\SD336397\servers\maven\mvnrepo\com\sendgrid\java-http-client\4.1.0\java-http-client-4.1.0.jar;D:\GEGDC\SD336397\servers\maven\mvnrepo\com\google\guava\guava\19.0\guava-19.0.jar;D:\GEGDC\SD336397\servers\maven\mvnrepo\org\springframework\boot\spring-boot-devtools\2.1.7.RELEASE\spring-boot-devtools-2.1.7.RELEASE.jar;D:\GEGDC\SD336397\servers\maven\mvnrepo\org\springframework\boot\spring-boot\2.1.7.RELEASE\spring-boot-2.1.7.RELEASE.jar;D:\GEGDC\SD336397\servers\maven\mvnrepo\org\springframework\boot\spring-boot-autoconfigure\2.1.7.RELEASE\spring-boot-autoconfigure-2.1.7.RELEASE.jar;D:\GEGDC\SD336397\servers\maven\mvnrepo\org\springframework\boot\spring-boot-starter-tomcat\2.1.7.RELEASE\spring-boot-starter-tomcat-2.1.7.RELEASE.jar;D:\GEGDC\SD336397\servers\maven\mvnrepo\javax\annotation\javax.annotation-api\1.3.2\javax.annotation-api-1.3.2.jar;D:\GEGDC\SD336397\servers\maven\mvnrepo\org\apache\tomcat\embed\tomcat-embed-core\9.0.22\tomcat-embed-core-9.0.22.jar;D:\GEGDC\SD336397\servers\maven\mvnrepo\org\apache\tomcat\embed\tomcat-embed-el\9.0.22\tomcat-embed-el-9.0.22.jar;D:\GEGDC\SD336397\servers\maven\mvnrepo\org\apache\tomcat\embed\tomcat-embed-websocket\9.0.22\tomcat-embed-websocket-9.0.22.jar;D:\GEGDC\SD336397\servers\maven\mvnrepo\org\springframework\boot\spring-boot-starter-test\2.1.7.RELEASE\spring-boot-starter-test-2.1.7.RELEASE.jar;D:\GEGDC\SD336397\servers\maven\mvnrepo\org\springframework\boot\spring-boot-test\2.1.7.RELEASE\spring-boot-test-2.1.7.RELEASE.jar;D:\GEGDC\SD336397\servers\maven\mvnrepo\org\springframework\boot\spring-boot-test-autoconfigure\2.1.7.RELEASE\spring-boot-test-autoconfigure-2.1.7.RELEASE.jar;D:\GEGDC\SD336397\servers\maven\mvnrepo\com\jayway\jsonpath\json-path\2.4.0\json-path-2.4.0.jar;D:\GEGDC\SD336397\servers\maven\mvnrepo\net\minidev\json-smart\2.3\json-smart-2.3.jar;D:\GEGDC\SD336397\servers\maven\mvnrepo\net\minidev\accessors-smart\1.2\accessors-smart-1.2.jar;D:\GEGDC\SD336397\servers\maven\mvnrepo\org\ow2\asm\asm\5.0.4\asm-5.0.4.jar;D:\GEGDC\SD336397\servers\maven\mvnrepo\junit\junit\4.12\junit-4.12.jar;D:\GEGDC\SD336397\servers\maven\mvnrepo\org\assertj\assertj-core\3.11.1\assertj-core-3.11.1.jar;D:\GEGDC\SD336397\servers\maven\mvnrepo\org\mockito\mockito-core\2.23.4\mockito-core-2.23.4.jar;D:\GEGDC\SD336397\servers\maven\mvnrepo\net\bytebuddy\byte-buddy\1.9.16\byte-buddy-1.9.16.jar;D:\GEGDC\SD336397\servers\maven\mvnrepo\net\bytebuddy\byte-buddy-agent\1.9.16\byte-buddy-agent-1.9.16.jar;D:\GEGDC\SD336397\servers\maven\mvnrepo\org\objenesis\objenesis\2.6\objenesis-2.6.jar;D:\GEGDC\SD336397\servers\maven\mvnrepo\org\hamcrest\hamcrest-core\1.3\hamcrest-core-1.3.jar;D:\GEGDC\SD336397\servers\maven\mvnrepo\org\hamcrest\hamcrest-library\1.3\hamcrest-library-1.3.jar;D:\GEGDC\SD336397\servers\maven\mvnrepo\org\skyscreamer\jsonassert\1.5.0\jsonassert-1.5.0.jar;D:\GEGDC\SD336397\servers\maven\mvnrepo\com\vaadin\external\google\android-json\0.0.20131108.vaadin1\android-json-0.0.20131108.vaadin1.jar;D:\GEGDC\SD336397\servers\maven\mvnrepo\org\springframework\spring-core\5.1.9.RELEASE\spring-core-5.1.9.RELEASE.jar;D:\GEGDC\SD336397\servers\maven\mvnrepo\org\springframework\spring-jcl\5.1.9.RELEASE\spring-jcl-5.1.9.RELEASE.jar;D:\GEGDC\SD336397\servers\maven\mvnrepo\org\springframework\spring-test\5.1.9.RELEASE\spring-test-5.1.9.RELEASE.jar;D:\GEGDC\SD336397\servers\maven\mvnrepo\org\xmlunit\xmlunit-core\2.6.3\xmlunit-core-2.6.3.jar;"/>
    <property name="sun.cpu.endian" value="little"/>
    <property name="user.home" value="C:\Users\sd336397.GEGDC"/>
    <property name="user.language" value="en"/>
    <property name="java.specification.vendor" value="Oracle Corporation"/>
    <property name="java.home" value="C:\Program Files\Java\jdk1.8.0_211\jre"/>
    <property name="basedir" value="D:\GEGDC\SD336397\TightCap\TightCapDev\TightCapDevAng"/>
    <property name="file.separator" value="\"/>
    <property name="line.separator" value="&#10;"/>
    <property name="java.vm.specification.vendor" value="Oracle Corporation"/>
    <property name="java.specification.name" value="Java Platform API Specification"/>
    <property name="java.awt.graphicsenv" value="sun.awt.Win32GraphicsEnvironment"/>
    <property name="surefire.real.class.path" value="C:\Users\SD3363~1.GEG\AppData\Local\Temp\surefire8773403528678239353\surefirebooter5829783209477831859.jar"/>
    <property name="sun.boot.class.path" value="C:\Program Files\Java\jdk1.8.0_211\jre\lib\resources.jar;C:\Program Files\Java\jdk1.8.0_211\jre\lib\rt.jar;C:\Program Files\Java\jdk1.8.0_211\jre\lib\sunrsasign.jar;C:\Program Files\Java\jdk1.8.0_211\jre\lib\jsse.jar;C:\Program Files\Java\jdk1.8.0_211\jre\lib\jce.jar;C:\Program Files\Java\jdk1.8.0_211\jre\lib\charsets.jar;C:\Program Files\Java\jdk1.8.0_211\jre\lib\jfr.jar;C:\Program Files\Java\jdk1.8.0_211\jre\classes"/>
    <property name="user.script" value=""/>
    <property name="sun.management.compiler" value="HotSpot 64-Bit Tiered Compilers"/>
    <property name="java.runtime.version" value="1.8.0_211-b12"/>
    <property name="user.name" value="SD336397"/>
    <property name="path.separator" value=";"/>
    <property name="os.version" value="10.0"/>
    <property name="java.endorsed.dirs" value="C:\Program Files\Java\jdk1.8.0_211\jre\lib\endorsed"/>
    <property name="java.runtime.name" value="Java(TM) SE Runtime Environment"/>
    <property name="file.encoding" value="Cp1252"/>
    <property name="java.vm.name" value="Java HotSpot(TM) 64-Bit Server VM"/>
    <property name="localRepository" value="D:\GEGDC\SD336397\servers\maven\mvnrepo"/>
    <property name="java.vendor.url.bug" value="http://bugreport.sun.com/bugreport/"/>
    <property name="java.io.tmpdir" value="C:\Users\SD3363~1.GEG\AppData\Local\Temp\"/>
    <property name="java.version" value="1.8.0_211"/>
    <property name="user.dir" value="D:\GEGDC\SD336397\TightCap\TightCapDev\TightCapDevAng"/>
    <property name="os.arch" value="amd64"/>
    <property name="java.vm.specification.name" value="Java Virtual Machine Specification"/>
    <property name="java.awt.printerjob" value="sun.awt.windows.WPrinterJob"/>
    <property name="sun.os.patch.level" value=""/>
    <property name="java.library.path" value="C:\Program Files\Java\jdk1.8.0_211\jre\bin;C:\Windows\Sun\Java\bin;C:\Windows\system32;C:\Windows;D:\GEGDC\SD336397\servers\Python\Pythoninst\Scripts\;D:\GEGDC\SD336397\servers\Python\Pythoninst\;C:\Program Files (x86)\RSA SecurID Token Common;C:\Windows\system32;C:\Windows;C:\Windows\System32\Wbem;C:\Windows\System32\WindowsPowerShell\v1.0\;C:\Windows\System32\OpenSSH\;D:\GEGDC\SD336397\servers\nodejs\;C:\Program Files (x86)\Microsoft SQL Server\150\DTS\Binn\;C:\Program Files\Java\jdk1.8.0_211\bin;C:\Users\sd336397.GEGDC\AppData\Local\Microsoft\WindowsApps;D:\GEGDC\SD336397\servers\maven\apache-maven-3.3.9\bin;D:\GEGDC\SD336397\servers\Microsoft VS Code\bin;D:\GEGDC\SD336397\servers\Git\bin;C:\Users\sd336397.GEGDC\AppData\Roaming\npm;."/>
    <property name="java.vm.info" value="mixed mode"/>
    <property name="java.vendor" value="Oracle Corporation"/>
    <property name="java.vm.version" value="25.211-b12"/>
    <property name="java.ext.dirs" value="C:\Program Files\Java\jdk1.8.0_211\jre\lib\ext;C:\Windows\Sun\Java\lib\ext"/>
    <property name="sun.io.unicode.encoding" value="UnicodeLittle"/>
    <property name="java.class.version" value="52.0"/>
  </properties>
  <testcase name="contextLoads" classname="com.nucigent.elms.ElmsApplicationTests" time="0.299"/>
</testsuite>